1729802936004:help
1729803105253:stop
1729803127019:help
1729803148680:hello-world --args spring boot
1729803167354:hello-world
1729803194507:hello-world --arg dasd
1729803291701:help
1729803298421:download
1729804157213:jkjnj
1729805683293:download
1729805732657:Connect to the server.
1729806111004:download
1729806188575:donload
1729806193984:download
1729806268648:connect
1729806347852:download
1729806368451:connect
1729806379558:download
1729806730973:connect
1729806769497:download
1729806772982:connect
1729806779162:download
1729820961629:dasd
1729820984482:download
1729821768200:help
1729821775163:clear
1729821784800:quit
1729822358119:help
1729822407141:download1
1729822426605:download1 --arg sadasda
1729822466763:download1 --arg dasdas asdasd asdsad
1729822598820:download1 asdasda
1729822639384:download1 adasdas
1729822805508:download1 asdasd
1729822853783:download1 dasdas
1729822881012:stacktrace
1729823018115:download asdasdas
1729823074869:donwload e2342
1729823084239:download dasda
1729823215531:download
1729823758174:download https://visuales.uclv.cu/Cursos/Jenkins/
1729823898580:download https://visuales.uclv.cu/Cursos/Jenkins/1%20-%20Introduction/
1729823930978:stacktrace
1729824223767:download https://www.google.com
1729824343132:download https://www.youtube.com/watch?v=OZ1s6kdla9k
1729824691668:download https://visuales.uclv.cu
1729824890300:download https://visuales.uclv.cu/Cursos/Jenkins/1%20-%20Introduction/
1729824904094:stacktrace
1729824931826:clear
1729824940026:download https://visuales.uclv.cu/Cursos/Jenkins/1%20-%20Introduction/
1729824979249:download https://google.com
1729825163310:download https://visuales.uclv.cu/Cursos/Jenkins/1%20-%20Introduction/
1729825580252:download https://google.com
1729826168941:donwload https://google.com
1729826189608:download https://google.com
1729826238831:download https://visuales.uclv.cu/Cursos/Jenkins/1%20-%20Introduction/
1729826602295:download String urlEncode = URLEncoder.encode(url, StandardCharsets.UTF_8.toString());
1729826637440:download https://visuales.uclv.cu/Cursos/Jenkins/1%20-%20Introduction/
1729828439339:download
1729828453648:download https://visuales.uclv.cu/Cursos/Jenkins/1%20-%20Introduction/
1729829654015:download
1729829667312:download https://visuales.uclv.cu/Cursos/Jenkins/1%20-%20Introduction/
1729830509889:exit
1729868297784:download https://visuales.uclv.cu/Cursos/Jenkins/1%20-%20Introduction/
